[debug] [2025-06-04T08:59:05.806Z] ----------------------------------------------------------------------
[debug] [2025-06-04T08:59:05.809Z] Command:       C:\Program Files\nodejs\node.exe C:\Users\Hello\AppData\Roaming\npm\node_modules\firebase-tools\lib\bin\firebase.js init functions
[debug] [2025-06-04T08:59:05.809Z] CLI Version:   14.5.1
[debug] [2025-06-04T08:59:05.809Z] Platform:      win32
[debug] [2025-06-04T08:59:05.809Z] Node Version:  v22.14.0
[debug] [2025-06-04T08:59:05.809Z] Time:          Wed Jun 04 2025 11:59:05 GMT+0300 (East Africa Time)
[debug] [2025-06-04T08:59:05.810Z] ----------------------------------------------------------------------
[debug] 
[debug] [2025-06-04T08:59:05.814Z] > command requires scopes: ["email","openid","https://www.googleapis.com/auth/cloudplatformprojects.readonly","https://www.googleapis.com/auth/firebase","https://www.googleapis.com/auth/cloud-platform"]
[debug] [2025-06-04T08:59:05.815Z] > authorizing via signed-in user (nuhaminemnebered@gmail.com)
[info] 
     ######## #### ########  ######## ########     ###     ######  ########
     ##        ##  ##     ## ##       ##     ##  ##   ##  ##       ##
     ######    ##  ########  ######   ########  #########  ######  ######
     ##        ##  ##    ##  ##       ##     ## ##     ##       ## ##
     ##       #### ##     ## ######## ########  ##     ##  ######  ########

You're about to initialize a Firebase project in this directory:

  C:\Users\Hello\Amazon-Clone-2025\Amazon-Clone\amazon-clone

[info] 
=== Project Setup
[info] 
[info] First, let's associate this project directory with a Firebase project.
[info] You can create multiple project aliases by running firebase use --add, 
[info] but for now we'll just set up a default project.
[info] 
[debug] [2025-06-04T08:59:13.026Z] Checked if tokens are valid: true, expires at: 1749030585740
[debug] [2025-06-04T08:59:13.026Z] Checked if tokens are valid: true, expires at: 1749030585740
[debug] [2025-06-04T08:59:13.028Z] >>> [apiv2][query] GET https://firebase.googleapis.com/v1beta1/projects pageSize=100
[debug] [2025-06-04T08:59:20.451Z] <<< [apiv2][status] GET https://firebase.googleapis.com/v1beta1/projects 200
[debug] [2025-06-04T08:59:20.451Z] <<< [apiv2][body] GET https://firebase.googleapis.com/v1beta1/projects [omitted]
[info] i  Using project clone-8c1c7 (amazon-clone) 
[info] 
=== Functions Setup
[debug] [2025-06-04T08:59:20.459Z] > command requires scopes: ["email","openid","https://www.googleapis.com/auth/cloudplatformprojects.readonly","https://www.googleapis.com/auth/firebase","https://www.googleapis.com/auth/cloud-platform"]
[debug] [2025-06-04T08:59:20.460Z] > authorizing via signed-in user (nuhaminemnebered@gmail.com)
[debug] [2025-06-04T08:59:20.460Z] [iam] checking project clone-8c1c7 for permissions ["firebase.projects.get"]
[debug] [2025-06-04T08:59:20.460Z] Checked if tokens are valid: true, expires at: 1749030585740
[debug] [2025-06-04T08:59:20.460Z] Checked if tokens are valid: true, expires at: 1749030585740
[debug] [2025-06-04T08:59:20.460Z] >>> [apiv2][query] POST https://cloudresourcemanager.googleapis.com/v1/projects/clone-8c1c7:testIamPermissions [none]
[debug] [2025-06-04T08:59:20.460Z] >>> [apiv2][(partial)header] POST https://cloudresourcemanager.googleapis.com/v1/projects/clone-8c1c7:testIamPermissions x-goog-quota-user=projects/clone-8c1c7
[debug] [2025-06-04T08:59:20.460Z] >>> [apiv2][body] POST https://cloudresourcemanager.googleapis.com/v1/projects/clone-8c1c7:testIamPermissions {"permissions":["firebase.projects.get"]}
[debug] [2025-06-04T08:59:29.456Z] <<< [apiv2][status] POST https://cloudresourcemanager.googleapis.com/v1/projects/clone-8c1c7:testIamPermissions 200
[debug] [2025-06-04T08:59:29.457Z] <<< [apiv2][body] POST https://cloudresourcemanager.googleapis.com/v1/projects/clone-8c1c7:testIamPermissions {"permissions":["firebase.projects.get"]}
[debug] [2025-06-04T08:59:29.457Z] Checked if tokens are valid: true, expires at: 1749030585740
[debug] [2025-06-04T08:59:29.457Z] Checked if tokens are valid: true, expires at: 1749030585740
[debug] [2025-06-04T08:59:29.457Z] Checked if tokens are valid: true, expires at: 1749030585740
[debug] [2025-06-04T08:59:29.457Z] Checked if tokens are valid: true, expires at: 1749030585740
[debug] [2025-06-04T08:59:29.457Z] >>> [apiv2][query] GET https://serviceusage.googleapis.com/v1/projects/clone-8c1c7/services/cloudfunctions.googleapis.com [none]
[debug] [2025-06-04T08:59:29.458Z] >>> [apiv2][(partial)header] GET https://serviceusage.googleapis.com/v1/projects/clone-8c1c7/services/cloudfunctions.googleapis.com x-goog-quota-user=projects/clone-8c1c7
[debug] [2025-06-04T08:59:29.459Z] >>> [apiv2][query] GET https://serviceusage.googleapis.com/v1/projects/clone-8c1c7/services/runtimeconfig.googleapis.com [none]
[debug] [2025-06-04T08:59:29.459Z] >>> [apiv2][(partial)header] GET https://serviceusage.googleapis.com/v1/projects/clone-8c1c7/services/runtimeconfig.googleapis.com x-goog-quota-user=projects/clone-8c1c7
[debug] [2025-06-04T08:59:41.231Z] <<< [apiv2][status] GET https://serviceusage.googleapis.com/v1/projects/clone-8c1c7/services/runtimeconfig.googleapis.com 200
[debug] [2025-06-04T08:59:41.231Z] <<< [apiv2][body] GET https://serviceusage.googleapis.com/v1/projects/clone-8c1c7/services/runtimeconfig.googleapis.com [omitted]
[debug] [2025-06-04T08:59:56.516Z] *** [apiv2] error from fetch(https://serviceusage.googleapis.com/v1/projects/clone-8c1c7/services/cloudfunctions.googleapis.com, {"headers":{},"method":"GET"}): FetchError: request to https://serviceusage.googleapis.com/v1/projects/clone-8c1c7/services/cloudfunctions.googleapis.com failed, reason: 
[debug] [2025-06-04T09:00:01.521Z] Error: Timed out.
    at Timeout._onTimeout (C:\Users\Hello\AppData\Roaming\npm\node_modules\firebase-tools\lib\utils.js:267:49)
    at listOnTimeout (node:internal/timers:594:17)
    at process.processTimers (node:internal/timers:529:7)
[error] 
[error] Error: An unexpected error has occurred.
[debug] [2025-06-04T09:00:08.473Z] ----------------------------------------------------------------------
[debug] [2025-06-04T09:00:08.476Z] Command:       C:\Program Files\nodejs\node.exe C:\Users\Hello\AppData\Roaming\npm\node_modules\firebase-tools\lib\bin\firebase.js init functions
[debug] [2025-06-04T09:00:08.477Z] CLI Version:   14.5.1
[debug] [2025-06-04T09:00:08.477Z] Platform:      win32
[debug] [2025-06-04T09:00:08.477Z] Node Version:  v22.14.0
[debug] [2025-06-04T09:00:08.477Z] Time:          Wed Jun 04 2025 12:00:08 GMT+0300 (East Africa Time)
[debug] [2025-06-04T09:00:08.477Z] ----------------------------------------------------------------------
[debug] 
[debug] [2025-06-04T09:00:08.482Z] > command requires scopes: ["email","openid","https://www.googleapis.com/auth/cloudplatformprojects.readonly","https://www.googleapis.com/auth/firebase","https://www.googleapis.com/auth/cloud-platform"]
[debug] [2025-06-04T09:00:08.482Z] > authorizing via signed-in user (nuhaminemnebered@gmail.com)
[info] 
     ######## #### ########  ######## ########     ###     ######  ########
     ##        ##  ##     ## ##       ##     ##  ##   ##  ##       ##
     ######    ##  ########  ######   ########  #########  ######  ######
     ##        ##  ##    ##  ##       ##     ## ##     ##       ## ##
     ##       #### ##     ## ######## ########  ##     ##  ######  ########

You're about to initialize a Firebase project in this directory:

  C:\Users\Hello\Amazon-Clone-2025\Amazon-Clone\amazon-clone

[info] 
=== Project Setup
[info] 
[info] First, let's associate this project directory with a Firebase project.
[info] You can create multiple project aliases by running firebase use --add, 
[info] but for now we'll just set up a default project.
[info] 
[debug] [2025-06-04T09:00:17.523Z] Checked if tokens are valid: true, expires at: 1749030585740
[debug] [2025-06-04T09:00:17.523Z] Checked if tokens are valid: true, expires at: 1749030585740
[debug] [2025-06-04T09:00:17.524Z] >>> [apiv2][query] GET https://firebase.googleapis.com/v1beta1/projects pageSize=100
[debug] [2025-06-04T09:00:22.727Z] <<< [apiv2][status] GET https://firebase.googleapis.com/v1beta1/projects 200
[debug] [2025-06-04T09:00:22.728Z] <<< [apiv2][body] GET https://firebase.googleapis.com/v1beta1/projects [omitted]
[info] i  Using project clone-8c1c7 (amazon-clone) 
[info] 
=== Functions Setup
[debug] [2025-06-04T09:00:30.741Z] > command requires scopes: ["email","openid","https://www.googleapis.com/auth/cloudplatformprojects.readonly","https://www.googleapis.com/auth/firebase","https://www.googleapis.com/auth/cloud-platform"]
[debug] [2025-06-04T09:00:30.742Z] > authorizing via signed-in user (nuhaminemnebered@gmail.com)
[debug] [2025-06-04T09:00:30.742Z] [iam] checking project clone-8c1c7 for permissions ["firebase.projects.get"]
[debug] [2025-06-04T09:00:30.742Z] Checked if tokens are valid: true, expires at: 1749030585740
[debug] [2025-06-04T09:00:30.742Z] Checked if tokens are valid: true, expires at: 1749030585740
[debug] [2025-06-04T09:00:30.742Z] >>> [apiv2][query] POST https://cloudresourcemanager.googleapis.com/v1/projects/clone-8c1c7:testIamPermissions [none]
[debug] [2025-06-04T09:00:30.742Z] >>> [apiv2][(partial)header] POST https://cloudresourcemanager.googleapis.com/v1/projects/clone-8c1c7:testIamPermissions x-goog-quota-user=projects/clone-8c1c7
[debug] [2025-06-04T09:00:30.742Z] >>> [apiv2][body] POST https://cloudresourcemanager.googleapis.com/v1/projects/clone-8c1c7:testIamPermissions {"permissions":["firebase.projects.get"]}
[debug] [2025-06-04T09:00:35.391Z] <<< [apiv2][status] POST https://cloudresourcemanager.googleapis.com/v1/projects/clone-8c1c7:testIamPermissions 200
[debug] [2025-06-04T09:00:35.391Z] <<< [apiv2][body] POST https://cloudresourcemanager.googleapis.com/v1/projects/clone-8c1c7:testIamPermissions {"permissions":["firebase.projects.get"]}
[debug] [2025-06-04T09:00:35.392Z] Checked if tokens are valid: true, expires at: 1749030585740
[debug] [2025-06-04T09:00:35.392Z] Checked if tokens are valid: true, expires at: 1749030585740
[debug] [2025-06-04T09:00:35.392Z] Checked if tokens are valid: true, expires at: 1749030585740
[debug] [2025-06-04T09:00:35.392Z] Checked if tokens are valid: true, expires at: 1749030585740
[debug] [2025-06-04T09:00:35.392Z] >>> [apiv2][query] GET https://serviceusage.googleapis.com/v1/projects/clone-8c1c7/services/cloudfunctions.googleapis.com [none]
[debug] [2025-06-04T09:00:35.392Z] >>> [apiv2][(partial)header] GET https://serviceusage.googleapis.com/v1/projects/clone-8c1c7/services/cloudfunctions.googleapis.com x-goog-quota-user=projects/clone-8c1c7
[debug] [2025-06-04T09:00:35.393Z] >>> [apiv2][query] GET https://serviceusage.googleapis.com/v1/projects/clone-8c1c7/services/runtimeconfig.googleapis.com [none]
[debug] [2025-06-04T09:00:35.393Z] >>> [apiv2][(partial)header] GET https://serviceusage.googleapis.com/v1/projects/clone-8c1c7/services/runtimeconfig.googleapis.com x-goog-quota-user=projects/clone-8c1c7
[debug] [2025-06-04T09:00:44.312Z] <<< [apiv2][status] GET https://serviceusage.googleapis.com/v1/projects/clone-8c1c7/services/runtimeconfig.googleapis.com 200
[debug] [2025-06-04T09:00:44.312Z] <<< [apiv2][body] GET https://serviceusage.googleapis.com/v1/projects/clone-8c1c7/services/runtimeconfig.googleapis.com [omitted]
[debug] [2025-06-04T09:00:46.618Z] <<< [apiv2][status] GET https://serviceusage.googleapis.com/v1/projects/clone-8c1c7/services/cloudfunctions.googleapis.com 200
[debug] [2025-06-04T09:00:46.618Z] <<< [apiv2][body] GET https://serviceusage.googleapis.com/v1/projects/clone-8c1c7/services/cloudfunctions.googleapis.com [omitted]
[info] Let's create a new codebase for your functions.
[info] A directory corresponding to the codebase will be created in your project
[info] with sample code pre-configured.

[info] See https://firebase.google.com/docs/functions/organize-functions for
[info] more information on organizing your functions using codebases.

[info] Functions can be deployed with firebase deploy.

[info] +  Wrote functions/package.json 
[info] +  Wrote functions/.eslintrc.js 
[info] +  Wrote functions/index.js 
[info] +  Wrote functions/.gitignore 
[info] 
[info] +  Wrote configuration info to firebase.json 
[info] +  Wrote project information to .firebaserc 
[info] 
[info] +  Firebase initialization complete! 
[debug] [2025-06-04T09:05:53.235Z] Error: Timed out.
    at Timeout._onTimeout (C:\Users\Hello\AppData\Roaming\npm\node_modules\firebase-tools\lib\utils.js:267:49)
    at listOnTimeout (node:internal/timers:594:17)
    at process.processTimers (node:internal/timers:529:7)
[error] 
[error] Error: An unexpected error has occurred.
